# JRE version: OpenJDK Runtime Environment Temurin-17.0.6+10 (17.0.6+10) (build 17.0.6+10)
# Java VM: OpenJDK 64-Bit Server VM Temurin-17.0.6+10 (17.0.6+10, mixed mode, tiered, compressed oops, compressed class ptrs, parallel gc, bsd-amd64)
GC Precious Log:
 CPUs: 4 total, 4 available
 Memory: 16384M
 Large Page Support: Disabled
 NUMA Support: Disabled
 Compressed Oops: Enabled (Zero based)
 Alignments: Space 512K, Generation 512K, Heap 2M
 Heap Min Capacity: 100M
 Heap Initial Capacity: 100M
 Heap Max Capacity: 1G
 Pre-touch: Disabled
 Parallel Workers: 4
Heap:
 PSYoungGen      total 21504K, used 18944K [0x00000007eab00000, 0x00000007ec580000, 0x0000000800000000)
  eden space 18432K, 100% used [0x00000007eab00000,0x00000007ebd00000,0x00000007ebd00000)
  from space 3072K, 16% used [0x00000007ebf80000,0x00000007ec000000,0x00000007ec280000)
  to   space 1024K, 100% used [0x00000007ec480000,0x00000007ec580000,0x00000007ec580000)
 ParOldGen       total 211456K, used 167122K [0x00000007c0000000, 0x00000007cce80000, 0x00000007eab00000)
  object space 211456K, 79% used [0x00000007c0000000,0x00000007ca334988,0x00000007cce80000)
 Metaspace       used 77492K, committed 78528K, reserved 1122304K
  class space    used 8246K, committed 8704K, reserved 1048576K
GC Heap History (20 events):
Event: 12435.853 GC heap after
{Heap after GC invocations=594 (full 24):
 PSYoungGen      total 15872K, used 4571K [0x00000007eab00000, 0x00000007ec180000, 0x0000000800000000)
  eden space 11264K, 0% used [0x00000007eab00000,0x00000007eab00000,0x00000007eb600000)
  from space 4608K, 99% used [0x00000007ebd00000,0x00000007ec176cb0,0x00000007ec180000)
  to   space 5632K, 0% used [0x00000007eb680000,0x00000007eb680000,0x00000007ebc00000)
 ParOldGen       total 231424K, used 213430K [0x00000007c0000000, 0x00000007ce200000, 0x00000007eab00000)
  object space 231424K, 92% used [0x00000007c0000000,0x00000007cd06d948,0x00000007ce200000)
 Metaspace       used 77023K, committed 78080K, reserved 1122304K
  class space    used 8189K, committed 8640K, reserved 1048576K
}
Event: 12435.956 GC heap before
{Heap before GC invocations=595 (full 24):
 PSYoungGen      total 15872K, used 15835K [0x00000007eab00000, 0x00000007ec180000, 0x0000000800000000)
  eden space 11264K, 100% used [0x00000007eab00000,0x00000007eb600000,0x00000007eb600000)
  from space 4608K, 99% used [0x00000007ebd00000,0x00000007ec176cb0,0x00000007ec180000)
  to   space 5632K, 0% used [0x00000007eb680000,0x00000007eb680000,0x00000007ebc00000)
 ParOldGen       total 231424K, used 213430K [0x00000007c0000000, 0x00000007ce200000, 0x00000007eab00000)
  object space 231424K, 92% used [0x00000007c0000000,0x00000007cd06d948,0x00000007ce200000)
 Metaspace       used 77029K, committed 78080K, reserved 1122304K
  class space    used 8189K, committed 8640K, reserved 1048576K
}
Event: 12435.972 GC heap after
{Heap after GC invocations=595 (full 24):
 PSYoungGen      total 15360K, used 3423K [0x00000007eab00000, 0x00000007ebf80000, 0x0000000800000000)
  eden space 11776K, 0% used [0x00000007eab00000,0x00000007eab00000,0x00000007eb680000)
  from space 3584K, 95% used [0x00000007eb680000,0x00000007eb9d7de8,0x00000007eba00000)
  to   space 4096K, 0% used [0x00000007ebb80000,0x00000007ebb80000,0x00000007ebf80000)
 ParOldGen       total 231424K, used 218024K [0x00000007c0000000, 0x00000007ce200000, 0x00000007eab00000)
  object space 231424K, 94% used [0x00000007c0000000,0x00000007cd4ea140,0x00000007ce200000)
 Metaspace       used 77029K, committed 78080K, reserved 1122304K
  class space    used 8189K, committed 8640K, reserved 1048576K
}
Event: 12436.089 GC heap before
{Heap before GC invocations=596 (full 24):
 PSYoungGen      total 15360K, used 15199K [0x00000007eab00000, 0x00000007ebf80000, 0x0000000800000000)
  eden space 11776K, 100% used [0x00000007eab00000,0x00000007eb680000,0x00000007eb680000)
  from space 3584K, 95% used [0x00000007eb680000,0x00000007eb9d7de8,0x00000007eba00000)
  to   space 4096K, 0% used [0x00000007ebb80000,0x00000007ebb80000,0x00000007ebf80000)
 ParOldGen       total 231424K, used 218024K [0x00000007c0000000, 0x00000007ce200000, 0x00000007eab00000)
  object space 231424K, 94% used [0x00000007c0000000,0x00000007cd4ea140,0x00000007ce200000)
 Metaspace       used 77029K, committed 78080K, reserved 1122304K
  class space    used 8189K, committed 8640K, reserved 1048576K
}
Event: 12436.104 GC heap after
{Heap after GC invocations=596 (full 24):
 PSYoungGen      total 16896K, used 3148K [0x00000007eab00000, 0x00000007ebf00000, 0x0000000800000000)
  eden space 13312K, 0% used [0x00000007eab00000,0x00000007eab00000,0x00000007eb800000)
  from space 3584K, 87% used [0x00000007ebb80000,0x00000007ebe930d8,0x00000007ebf00000)
  to   space 3584K, 0% used [0x00000007eb800000,0x00000007eb800000,0x00000007ebb80000)
 ParOldGen       total 231424K, used 221504K [0x00000007c0000000, 0x00000007ce200000, 0x00000007eab00000)
  object space 231424K, 95% used [0x00000007c0000000,0x00000007cd850280,0x00000007ce200000)
 Metaspace       used 77029K, committed 78080K, reserved 1122304K
  class space    used 8189K, committed 8640K, reserved 1048576K
}
Event: 12436.205 GC heap before
{Heap before GC invocations=597 (full 24):
 PSYoungGen      total 16896K, used 16460K [0x00000007eab00000, 0x00000007ebf00000, 0x0000000800000000)
  eden space 13312K, 100% used [0x00000007eab00000,0x00000007eb800000,0x00000007eb800000)
  from space 3584K, 87% used [0x00000007ebb80000,0x00000007ebe930d8,0x00000007ebf00000)
  to   space 3584K, 0% used [0x00000007eb800000,0x00000007eb800000,0x00000007ebb80000)
 ParOldGen       total 231424K, used 221504K [0x00000007c0000000, 0x00000007ce200000, 0x00000007eab00000)
  object space 231424K, 95% used [0x00000007c0000000,0x00000007cd850280,0x00000007ce200000)
 Metaspace       used 77029K, committed 78080K, reserved 1122304K
  class space    used 8189K, committed 8640K, reserved 1048576K
}
Event: 12436.212 GC heap after
{Heap after GC invocations=597 (full 24):
 PSYoungGen      total 16896K, used 3582K [0x00000007eab00000, 0x00000007ec900000, 0x0000000800000000)
  eden space 13312K, 0% used [0x00000007eab00000,0x00000007eab00000,0x00000007eb800000)
  from space 3584K, 99% used [0x00000007eb800000,0x00000007ebb7f9f8,0x00000007ebb80000)
  to   space 7680K, 0% used [0x00000007ec180000,0x00000007ec180000,0x00000007ec900000)
 ParOldGen       total 231424K, used 224683K [0x00000007c0000000, 0x00000007ce200000, 0x00000007eab00000)
  object space 231424K, 97% used [0x00000007c0000000,0x00000007cdb6ac08,0x00000007ce200000)
 Metaspace       used 77029K, committed 78080K, reserved 1122304K
  class space    used 8189K, committed 8640K, reserved 1048576K
}
Event: 12436.377 GC heap before
{Heap before GC invocations=598 (full 24):
 PSYoungGen      total 16896K, used 16894K [0x00000007eab00000, 0x00000007ec900000, 0x0000000800000000)
  eden space 13312K, 100% used [0x00000007eab00000,0x00000007eb800000,0x00000007eb800000)
  from space 3584K, 99% used [0x00000007eb800000,0x00000007ebb7f9f8,0x00000007ebb80000)
  to   space 7680K, 0% used [0x00000007ec180000,0x00000007ec180000,0x00000007ec900000)
 ParOldGen       total 231424K, used 224683K [0x00000007c0000000, 0x00000007ce200000, 0x00000007eab00000)
  object space 231424K, 97% used [0x00000007c0000000,0x00000007cdb6ac08,0x00000007ce200000)
 Metaspace       used 77030K, committed 78080K, reserved 1122304K
  class space    used 8189K, committed 8640K, reserved 1048576K
}
Event: 12436.394 GC heap after
{Heap after GC invocations=598 (full 24):
 PSYoungGen      total 18432K, used 3570K [0x00000007eab00000, 0x00000007ec500000, 0x0000000800000000)
  eden space 14848K, 0% used [0x00000007eab00000,0x00000007eab00000,0x00000007eb980000)
  from space 3584K, 99% used [0x00000007ec180000,0x00000007ec4fc920,0x00000007ec500000)
  to   space 5120K, 0% used [0x00000007ebb00000,0x00000007ebb00000,0x00000007ec000000)
 ParOldGen       total 231424K, used 228327K [0x00000007c0000000, 0x00000007ce200000, 0x00000007eab00000)
  object space 231424K, 98% used [0x00000007c0000000,0x00000007cdef9d08,0x00000007ce200000)
 Metaspace       used 77030K, committed 78080K, reserved 1122304K
  class space    used 8189K, committed 8640K, reserved 1048576K
}
Event: 12436.394 GC heap before
{Heap before GC invocations=599 (full 25):
 PSYoungGen      total 18432K, used 3570K [0x00000007eab00000, 0x00000007ec500000, 0x0000000800000000)
  eden space 14848K, 0% used [0x00000007eab00000,0x00000007eab00000,0x00000007eb980000)
  from space 3584K, 99% used [0x00000007ec180000,0x00000007ec4fc920,0x00000007ec500000)
  to   space 5120K, 0% used [0x00000007ebb00000,0x00000007ebb00000,0x00000007ec000000)
 ParOldGen       total 231424K, used 228327K [0x00000007c0000000, 0x00000007ce200000, 0x00000007eab00000)
  object space 231424K, 98% used [0x00000007c0000000,0x00000007cdef9d08,0x00000007ce200000)
 Metaspace       used 77030K, committed 78080K, reserved 1122304K
  class space    used 8189K, committed 8640K, reserved 1048576K
}
Event: 12436.778 GC heap after
{Heap after GC invocations=599 (full 25):
 PSYoungGen      total 21504K, used 0K [0x00000007eab00000, 0x00000007ec500000, 0x0000000800000000)
  eden space 16384K, 0% used [0x00000007eab00000,0x00000007eab00000,0x00000007ebb00000)
  from space 5120K, 0% used [0x00000007ebb00000,0x00000007ebb00000,0x00000007ec000000)
  to   space 5120K, 0% used [0x00000007ec000000,0x00000007ec000000,0x00000007ec500000)
 ParOldGen       total 211456K, used 150858K [0x00000007c0000000, 0x00000007cce80000, 0x00000007eab00000)
  object space 211456K, 71% used [0x00000007c0000000,0x00000007c9352918,0x00000007cce80000)
 Metaspace       used 77030K, committed 78080K, reserved 1122304K
  class space    used 8189K, committed 8640K, reserved 1048576K
}
Event: 12436.861 GC heap before
{Heap before GC invocations=600 (full 25):
 PSYoungGen      total 21504K, used 16384K [0x00000007eab00000, 0x00000007ec500000, 0x0000000800000000)
  eden space 16384K, 100% used [0x00000007eab00000,0x00000007ebb00000,0x00000007ebb00000)
  from space 5120K, 0% used [0x00000007ebb00000,0x00000007ebb00000,0x00000007ec000000)
  to   space 5120K, 0% used [0x00000007ec000000,0x00000007ec000000,0x00000007ec500000)
 ParOldGen       total 211456K, used 150858K [0x00000007c0000000, 0x00000007cce80000, 0x00000007eab00000)
  object space 211456K, 71% used [0x00000007c0000000,0x00000007c9352918,0x00000007cce80000)
 Metaspace       used 77036K, committed 78080K, reserved 1122304K
  class space    used 8189K, committed 8640K, reserved 1048576K
}
Event: 12436.866 GC heap after
{Heap after GC invocations=600 (full 25):
 PSYoungGen      total 21504K, used 4691K [0x00000007eab00000, 0x00000007ec680000, 0x0000000800000000)
  eden space 16384K, 0% used [0x00000007eab00000,0x00000007eab00000,0x00000007ebb00000)
  from space 5120K, 91% used [0x00000007ec000000,0x00000007ec494e28,0x00000007ec500000)
  to   space 5120K, 0% used [0x00000007ebb00000,0x00000007ebb00000,0x00000007ec000000)
 ParOldGen       total 211456K, used 150858K [0x00000007c0000000, 0x00000007cce80000, 0x00000007eab00000)
  object space 211456K, 71% used [0x00000007c0000000,0x00000007c9352918,0x00000007cce80000)
 Metaspace       used 77036K, committed 78080K, reserved 1122304K
  class space    used 8189K, committed 8640K, reserved 1048576K
}
Event: 12690.768 GC heap before
{Heap before GC invocations=601 (full 25):
 PSYoungGen      total 21504K, used 21075K [0x00000007eab00000, 0x00000007ec680000, 0x0000000800000000)
  eden space 16384K, 100% used [0x00000007eab00000,0x00000007ebb00000,0x00000007ebb00000)
  from space 5120K, 91% used [0x00000007ec000000,0x00000007ec494e28,0x00000007ec500000)
  to   space 5120K, 0% used [0x00000007ebb00000,0x00000007ebb00000,0x00000007ec000000)
 ParOldGen       total 211456K, used 150858K [0x00000007c0000000, 0x00000007cce80000, 0x00000007eab00000)
  object space 211456K, 71% used [0x00000007c0000000,0x00000007c9352918,0x00000007cce80000)
 Metaspace       used 77051K, committed 78080K, reserved 1122304K
  class space    used 8189K, committed 8640K, reserved 1048576K
}
Event: 12690.790 GC heap after
{Heap after GC invocations=601 (full 25):
 PSYoungGen      total 21504K, used 5113K [0x00000007eab00000, 0x00000007ecd80000, 0x0000000800000000)
  eden space 16384K, 0% used [0x00000007eab00000,0x00000007eab00000,0x00000007ebb00000)
  from space 5120K, 99% used [0x00000007ebb00000,0x00000007ebffe4f8,0x00000007ec000000)
  to   space 8704K, 0% used [0x00000007ec500000,0x00000007ec500000,0x00000007ecd80000)
 ParOldGen       total 211456K, used 153529K [0x00000007c0000000, 0x00000007cce80000, 0x00000007eab00000)
  object space 211456K, 72% used [0x00000007c0000000,0x00000007c95ee6c0,0x00000007cce80000)
 Metaspace       used 77051K, committed 78080K, reserved 1122304K
  class space    used 8189K, committed 8640K, reserved 1048576K
}
Event: 13589.720 GC heap before
{Heap before GC invocations=602 (full 25):
 PSYoungGen      total 21504K, used 21497K [0x00000007eab00000, 0x00000007ecd80000, 0x0000000800000000)
  eden space 16384K, 100% used [0x00000007eab00000,0x00000007ebb00000,0x00000007ebb00000)
  from space 5120K, 99% used [0x00000007ebb00000,0x00000007ebffe4f8,0x00000007ec000000)
  to   space 8704K, 0% used [0x00000007ec500000,0x00000007ec500000,0x00000007ecd80000)
 ParOldGen       total 211456K, used 153529K [0x00000007c0000000, 0x00000007cce80000, 0x00000007eab00000)
  object space 211456K, 72% used [0x00000007c0000000,0x00000007c95ee6c0,0x00000007cce80000)
 Metaspace       used 77090K, committed 78144K, reserved 1122304K
  class space    used 8190K, committed 8640K, reserved 1048576K
}
Event: 13589.731 GC heap after
{Heap after GC invocations=602 (full 25):
 PSYoungGen      total 17920K, used 288K [0x00000007eab00000, 0x00000007ec580000, 0x0000000800000000)
  eden space 17408K, 0% used [0x00000007eab00000,0x00000007eab00000,0x00000007ebc00000)
  from space 512K, 56% used [0x00000007ec500000,0x00000007ec548000,0x00000007ec580000)
  to   space 3072K, 0% used [0x00000007ebf80000,0x00000007ebf80000,0x00000007ec280000)
 ParOldGen       total 211456K, used 158910K [0x00000007c0000000, 0x00000007cce80000, 0x00000007eab00000)
  object space 211456K, 75% used [0x00000007c0000000,0x00000007c9b2f958,0x00000007cce80000)
 Metaspace       used 77090K, committed 78144K, reserved 1122304K
  class space    used 8190K, committed 8640K, reserved 1048576K
}
Event: 14189.549 GC heap before
{Heap before GC invocations=603 (full 25):
 PSYoungGen      total 17920K, used 17694K [0x00000007eab00000, 0x00000007ec580000, 0x0000000800000000)
  eden space 17408K, 99% used [0x00000007eab00000,0x00000007ebbff920,0x00000007ebc00000)
  from space 512K, 56% used [0x00000007ec500000,0x00000007ec548000,0x00000007ec580000)
  to   space 3072K, 0% used [0x00000007ebf80000,0x00000007ebf80000,0x00000007ec280000)
 ParOldGen       total 211456K, used 158910K [0x00000007c0000000, 0x00000007cce80000, 0x00000007eab00000)
  object space 211456K, 75% used [0x00000007c0000000,0x00000007c9b2f958,0x00000007cce80000)
 Metaspace       used 77326K, committed 78400K, reserved 1122304K
  class space    used 8225K, committed 8704K, reserved 1048576K
}
Event: 14189.555 GC heap after
{Heap after GC invocations=603 (full 25):
 PSYoungGen      total 21504K, used 512K [0x00000007eab00000, 0x00000007ec580000, 0x0000000800000000)
  eden space 18432K, 0% used [0x00000007eab00000,0x00000007eab00000,0x00000007ebd00000)
  from space 3072K, 16% used [0x00000007ebf80000,0x00000007ec000000,0x00000007ec280000)
  to   space 1024K, 0% used [0x00000007ec480000,0x00000007ec480000,0x00000007ec580000)
 ParOldGen       total 211456K, used 158918K [0x00000007c0000000, 0x00000007cce80000, 0x00000007eab00000)
  object space 211456K, 75% used [0x00000007c0000000,0x00000007c9b31958,0x00000007cce80000)
 Metaspace       used 77326K, committed 78400K, reserved 1122304K
  class space    used 8225K, committed 8704K, reserved 1048576K
}
Event: 14189.696 GC heap before
{Heap before GC invocations=604 (full 25):
 PSYoungGen      total 21504K, used 18944K [0x00000007eab00000, 0x00000007ec580000, 0x0000000800000000)
  eden space 18432K, 100% used [0x00000007eab00000,0x00000007ebd00000,0x00000007ebd00000)
  from space 3072K, 16% used [0x00000007ebf80000,0x00000007ec000000,0x00000007ec280000)
  to   space 1024K, 0% used [0x00000007ec480000,0x00000007ec480000,0x00000007ec580000)
 ParOldGen       total 211456K, used 158918K [0x00000007c0000000, 0x00000007cce80000, 0x00000007eab00000)
  object space 211456K, 75% used [0x00000007c0000000,0x00000007c9b31958,0x00000007cce80000)
 Metaspace       used 77492K, committed 78528K, reserved 1122304K
  class space    used 8246K, committed 8704K, reserved 1048576K
}

